<?xml version="1.0" encoding="utf-8"?>
<tt xmlns="http://www.w3.org/ns/ttml" ttp:version="2" ttva:model="ttml2" xml:lang="ja" xmlns:ttp="http://www.w3.org/ns/ttml#parameter" xmlns:tts="http://www.w3.org/ns/ttml#styling" xmlns:ttva="http://skynav.com/ns/ttv/annotations">
<head>
<styling>
<initial tts:fontSize="4vh"/>
<initial tts:lineHeight="5vh"/>
<initial tts:showBackground="whenActive"/>
<style xml:id="s1" tts:textAlign="center"/>
<style xml:id="s2" tts:textAlign="start"/>
</styling>
<layout>
<region xml:id="横下" tts:displayAlign="after" tts:extent="80vw 15vh" tts:position="center bottom 10vh"/>
<region xml:id="縦右" tts:extent="15vw 80vh" tts:position="right 10vw center" tts:writingMode="tbrl"/>
</layout>
</head>
<body region="横下" xml:space="preserve">
<div>
<p begin="00:01:29:00" end="00:01:32:00" style="s1"><span style="s2">ァ (U+30A1) ア (U+30A2)<br/>ｱ (U+FF71)</span></p>
<p begin="00:01:29:00" end="00:01:32:00" region="縦右" style="s1"><span style="s2">ァ (U+30A1) ア (U+30A2)<br/>ｱ (U+FF71)</span></p>
</div>
</body>
</tt>
