<?xml version="1.0" encoding="utf-8"?>
<tt xml:lang="" ttp:version="2" ttva:model="ttml2" xmlns="http://www.w3.org/ns/ttml" xmlns:ttva="http://skynav.com/ns/ttv/annotations"
    xmlns:ttp="http://www.w3.org/ns/ttml#parameter" xmlns:tts="http://www.w3.org/ns/ttml#styling">
<head>
<layout>
<region xml:id="r0" tts:displayAlign="after" tts:extent="768px 225px" tts:origin="256px 475px"/>
</layout>
</head>
<body tts:textAlign="center" tts:fontFamily="Arial" tts:fontSize="36px" tts:lineHeight="45px">
<div>
<p region="r0" begin="1s" end="2s" tts:textAlign="center">
<span tts:fontShear="-50%">SHEAR</span><br/>
<span tts:fontShear="-25%">SHEAR</span><br/>
<span tts:fontShear="0%">SHEAR</span><br/>
<span tts:fontShear="25%">SHEAR</span><br/>
<span tts:fontShear="50%">SHEAR</span>
</p>
</div>
</body>
</tt>
