<?xml version="1.0" encoding="utf-8"?>
<tt xmlns="http://www.w3.org/ns/ttml" ttp:version="2" ttva:model="ttml2" xml:lang="jp" xmlns:ttp="http://www.w3.org/ns/ttml#parameter" xmlns:tts="http://www.w3.org/ns/ttml#styling" xmlns:ttva="http://skynav.com/ns/ttv/annotations">
<head>
<styling>
<initial tts:fontSize="4vh"/>
<initial tts:lineHeight="5vh"/>
<initial tts:showBackground="whenActive"/>
<style xml:id="s1" tts:ruby="container"/>
<style xml:id="s2" tts:ruby="base"/>
<style xml:id="s3" tts:ruby="text" tts:rubyPosition="before"/>
<style xml:id="s4" tts:ruby="text" tts:rubyPosition="after"/>
<style xml:id="s5" tts:ruby="text"/>
</styling>
<layout>
<region xml:id="横下" tts:displayAlign="after" tts:extent="80vw 15vh" tts:position="center bottom 10vh"/>
<region xml:id="縦右" tts:extent="15vw 80vh" tts:position="right 10vw center" tts:writingMode="tbrl"/>
</layout>
</head>
<body region="横下" xml:space="preserve">
<div>
<p begin="00:00:54:15" end="00:00:57:01" region="縦右"><span style="s1"><span style="s2">文</span><span style="s3">12345</span></span><br/><span style="s1"><span style="s2">文</span><span style="s4">ABCDE</span></span></p>
<p begin="00:00:54:15" end="00:00:57:01"><span style="s1"><span style="s2">文</span><span style="s5">12345</span></span><br/><span style="s1"><span style="s2">文</span><span style="s5">ABCDE</span></span></p>
<p begin="00:01:54:15" end="00:01:57:01" region="縦右"><span style="s1"><span style="s2">文</span><span style="s3">文文文文文</span></span><br/><span style="s1"><span style="s2">文</span><span style="s4">文文文文文</span></span></p>
<p begin="00:01:54:15" end="00:01:57:01"><span style="s1"><span style="s2">文</span><span style="s5">文文文文文</span></span><br/><span style="s1"><span style="s2">文</span><span style="s5">文文文文文</span></span></p>
</div>
</body>
</tt>
