<?xml version="1.0" encoding="utf-8"?>
<tt xml:lang="" ttp:version="2" ttva:model="ttml2" xmlns="http://www.w3.org/ns/ttml" xmlns:ttva="http://skynav.com/ns/ttv/annotations"
    xmlns:ttp="http://www.w3.org/ns/ttml#parameter" xmlns:tts="http://www.w3.org/ns/ttml#styling">
<head>
<layout>
<region xml:id="r0" tts:displayAlign="center" tts:extent="768px 225px" tts:origin="256px 475px" tts:writingMode="lrtb"/>
<region xml:id="r1" tts:displayAlign="center" tts:extent="225px 576px" tts:origin="1045px 72px" tts:writingMode="tbrl"/>
<region xml:id="r2" tts:displayAlign="center" tts:extent="225px 576px" tts:origin="10px 72px" tts:writingMode="tblr"/>
</layout>
</head>
<body tts:textAlign="center" tts:fontFamily="Noto Sans" tts:fontSize="36px" tts:lineHeight="45px">
<div>
<p region="r0" begin="1s" end="2s" tts:textAlign="center">
<span tts:textEmphasis="dot">abc</span>
<span tts:textEmphasis="open dot after">def</span>
<span tts:textEmphasis="circle">ghi</span>
<span tts:textEmphasis="open circle after">jkl</span>
</p>
</div>
</body>
</tt>
