<?xml version="1.0" encoding="utf-8"?>
<tt xmlns="http://www.w3.org/ns/ttml" ttp:version="2" ttva:model="ttml2" xml:lang="ja" xmlns:ttp="http://www.w3.org/ns/ttml#parameter" xmlns:tts="http://www.w3.org/ns/ttml#styling" xmlns:ttva="http://skynav.com/ns/ttv/annotations">
<head>
<styling>
<initial tts:fontSize="4vh"/>
<initial tts:lineHeight="5vh"/>
<initial tts:showBackground="whenActive"/>
<style xml:id="s1" tts:fontShear="21.99875%"/>
</styling>
<layout>
<region xml:id="横下" tts:displayAlign="after" tts:extent="80vw 15vh" tts:position="center bottom 5vh"/>
</layout>
</head>
<body region="横下">
<div>
<p begin="00:00:19:00" end="00:00:22:00" style="s1">italics4<br/>斜４</p>
</div>
</body>
</tt>
