<?xml version="1.0" encoding="utf-8"?>
<tt xml:lang="" ttp:version="2" ttva:model="ttml2" xmlns="http://www.w3.org/ns/ttml" xmlns:ttva="http://skynav.com/ns/ttv/annotations"
    xmlns:ttp="http://www.w3.org/ns/ttml#parameter" xmlns:tts="http://www.w3.org/ns/ttml#styling">
  <head>
    <layout>
      <region xml:id="r0" tts:displayAlign="after" tts:extent="640px 90px" tts:position="center top 10vh"/>
      <region xml:id="r1" tts:displayAlign="after" tts:extent="640px 90px" tts:position="center" tts:writingMode="rltb"/>
      <region xml:id="r2" tts:displayAlign="after" tts:extent="640px 90px" tts:position="center bottom 10vh"/>
    </layout>
  </head>
  <body tts:textAlign="center" tts:fontFamily="Arial" tts:fontSize="36px" tts:lineHeight="45px">
    <div>
      <p region="r0" begin="10:00:07:20" end="10:00:09:02" tts:textAlign="center">ABC</p>
      <p region="r1" begin="10:00:07:20" end="10:00:09:02" tts:textAlign="center"><span  tts:unicodeBidi="bidiOverride" tts:direction="rtl">ABC</span></p>
      <p region="r2" begin="10:00:07:20" end="10:00:09:02" tts:textAlign="center">ABC</p>
    </div>
  </body>
</tt>


