<?xml version="1.0" encoding="utf-8"?>
<tt xmlns="http://www.w3.org/ns/ttml" ttp:version="2" ttva:model="ttml2" xml:lang="ja" xmlns:ttp="http://www.w3.org/ns/ttml#parameter" xmlns:tts="http://www.w3.org/ns/ttml#styling" xmlns:ttva="http://skynav.com/ns/ttv/annotations">
<head>
<styling>
<initial tts:fontSize="4vh"/>
<initial tts:lineHeight="5vh"/>
<initial tts:showBackground="whenActive"/>
<style xml:id="s1" tts:fontShear="16.78842%"/>
<style xml:id="s2" tts:ruby="container"/>
<style xml:id="s3" tts:ruby="base"/>
<style xml:id="s4" tts:ruby="text" tts:rubyPosition="before"/>
<style xml:id="s5" tts:fontShear="16.78842%" tts:textAlign="center"/>
<style xml:id="s6" tts:textAlign="start"/>
<style xml:id="s7" tts:ruby="text"/>
<style xml:id="s8" tts:textEmphasis="dot before"/>
<style xml:id="s9" tts:textEmphasis="dot"/>
</styling>
<layout>
<region xml:id="横下" tts:displayAlign="after" tts:extent="80vw 15vh" tts:position="center bottom 10vh"/>
<region xml:id="縦右" tts:extent="15vw 80vh" tts:position="right 10vw center" tts:writingMode="tbrl"/>
</layout>
</head>
<body region="横下">
<div>
<p begin="00:05:46:20" end="00:05:49:00" region="縦右" style="s1">“<span style="s2"><span style="s3">クリーンウォーター</span><span style="s4">ＣＷＩ</span></span>が<br/>労組を一掃”</p>
<p begin="00:05:50:20" end="00:05:53:00" style="s5"><span style="s6">“<span style="s2"><span style="s3">クリーンウォーター</span><span style="s7">ＣＷＩ</span></span>が<br/>労組を一掃”</span></p>
<p begin="00:05:54:20" end="00:05:57:00" region="縦右" style="s1">“<span style="s8">クリーンウォーター</span>が<br/>労組を一掃”</p>
<p begin="00:05:58:20" end="00:05:59:00" style="s5"><span style="s6">“<span style="s9">クリーンウォーター</span>が<br/>労組を一掃”</span></p>
</div>
</body>
</tt>
