<?xml version="1.0" encoding="utf-8"?>
<tt xmlns="http://www.w3.org/ns/ttml" ttp:version="2" ttva:model="ttml2" xml:lang="ja" xmlns:ttp="http://www.w3.org/ns/ttml#parameter" xmlns:tts="http://www.w3.org/ns/ttml#styling" xmlns:ttva="http://skynav.com/ns/ttv/annotations">
<head>
<styling>
<initial tts:fontSize="4vh"/>
<initial tts:lineHeight="5vh"/>
<initial tts:showBackground="whenActive"/>
<style xml:id="s1" tts:fontSize="1.5em 1.0em"/>
<style xml:id="s2" tts:textAlign="center"/>
<style xml:id="s3" tts:textAlign="start"/>
</styling>
<layout>
<region xml:id="横下" tts:displayAlign="after" tts:extent="80vw 15vh" tts:position="center bottom 10vh"/>
<region xml:id="縦右" tts:extent="15vw 80vh" tts:position="right 10vw center" tts:writingMode="tbrl"/>
</layout>
</head>
<body region="横下" xml:space="preserve">
<div>
<p begin="00:42:47:07" end="00:42:49:22" region="縦右">〈<span style="s1">―</span>〉</p>
<p begin="00:42:47:07" end="00:42:49:22" style="s2"><span style="s3">〈<span style="s1">―</span>〉</span></p>
<p begin="00:43:47:07" end="00:43:49:22" region="縦右">３<span style="s1">―</span>３</p>
<p begin="00:43:47:07" end="00:43:49:22" style="s2"><span style="s3">３<span style="s1">―</span>３</span></p>
<p begin="00:44:47:07" end="00:44:49:22" region="縦右">3<span style="s1">―</span>3</p>
<p begin="00:44:47:07" end="00:44:49:22" style="s2"><span style="s3">3<span style="s1">―</span>3</span></p>
<p begin="00:45:47:07" end="00:45:49:22" region="縦右">文<span style="s1">―</span>文</p>
<p begin="00:45:47:07" end="00:45:49:22" style="s2"><span style="s3">文<span style="s1">―</span>文</span></p>
</div>
</body>
</tt>
