<?xml version="1.0" encoding="utf-8"?>
<tt xmlns="http://www.w3.org/ns/ttml" ttp:version="2" ttva:model="ttml2" xml:lang="jp" xmlns:ttp="http://www.w3.org/ns/ttml#parameter" xmlns:tts="http://www.w3.org/ns/ttml#styling" xmlns:ttva="http://skynav.com/ns/ttv/annotations">
<head>
<styling>
<initial tts:fontSize="36px"/>
<initial tts:lineHeight="45px"/>
<initial tts:showBackground="whenActive"/>
<style xml:id="s1" tts:textAlign="center"/>
<style xml:id="s2" tts:textEmphasis="dot before"/>
</styling>
<layout>
<region xml:id="r0" tts:displayAlign="center" tts:extent="80vw 15vh" tts:position="center bottom 5vh"/>
<region xml:id="r1" tts:displayAlign="center" tts:extent="15vw 80vh" tts:position="right 5vh center" tts:writingMode="tbrl"/>
<region xml:id="r2" tts:displayAlign="center" tts:extent="15vw 80vh" tts:position="left 5vh center" tts:writingMode="tblr"/>
</layout>
</head>
<body tts:fontFamily="Noto Sans">
<div>
<p begin="00:00:06:00" end="00:00:07:00" region="r0" style="s1"><span style="s2">利用許 Now is the Time 利用許</span></p>
<p begin="00:00:06:00" end="00:00:07:00" region="r1" style="s1"><span style="s2">利用許 Now is the Time 利用許</span></p>
<p begin="00:00:06:00" end="00:00:07:00" region="r2" style="s1"><span style="s2">利用許 Now is the Time 利用許</span></p>
</div>
</body>
</tt>
