<?xml version="1.0" encoding="utf-8"?>
<tt xmlns="http://www.w3.org/ns/ttml" ttp:version="2" ttva:model="ttml2" xml:lang="jp" xmlns:ttm="http://www.w3.org/ns/ttml#metadata" xmlns:ttp="http://www.w3.org/ns/ttml#parameter" xmlns:tts="http://www.w3.org/ns/ttml#styling" xmlns:ttva="http://skynav.com/ns/ttv/annotations">
<head>
<ttm:item name="creationDate">2015-08-12T03:01:13Z</ttm:item>
<ttm:item name="creationSystem">CAP2TT/1.0.0dev</ttm:item>
<styling>
<initial tts:fontSize="6.0vh"/>
<initial tts:lineHeight="7.5vh"/>
<initial tts:showBackground="whenActive"/>
<initial tts:fontFamily="Noto Sans"/>
<style xml:id="s1" tts:textAlign="center"/>
<style xml:id="s2" tts:textAlign="start"/>
</styling>
<layout>
<region xml:id="横下" tts:displayAlign="after" tts:extent="80vw 30vh" tts:position="center bottom 10vh"/>
</layout>
</head>
<body region="横下" xml:space="preserve">
<div>
<p begin="00:11:21:04" end="00:11:23:06" style="s1"><span style="s2">屠杓</span></p>
</div>
</body>
</tt>
