<?xml version="1.0" encoding="utf-8"?>
<tt xmlns="http://www.w3.org/ns/ttml" ttp:version="2" ttva:model="ttml2" xml:lang="jp" xmlns:ttp="http://www.w3.org/ns/ttml#parameter" xmlns:tts="http://www.w3.org/ns/ttml#styling" xmlns:ttva="http://skynav.com/ns/ttv/annotations">
<head>
<styling>
<initial tts:fontSize="4vh"/>
<initial tts:lineHeight="5vh"/>
<initial tts:showBackground="whenActive"/>
</styling>
<layout>
<region xml:id="横下" tts:displayAlign="after" tts:extent="80vw 15vh" tts:position="center bottom 5vh"/>
<region xml:id="縦中" tts:displayAlign="center" tts:extent="15vw 80vh" tts:writingMode="tbrl"/>
</layout>
</head>
<body region="横下">
<div>
<p begin="00:00:57:00" end="00:01:00:00" region="縦中">Vertical</p>
<p begin="00:00:57:00" end="00:01:00:00">Center</p>
</div>
</body>
</tt>
