<?xml version="1.0" encoding="utf-8"?>
<tt xmlns="http://www.w3.org/ns/ttml" ttp:version="2" ttva:model="ttml2" xml:lang="jp" xmlns:ttp="http://www.w3.org/ns/ttml#parameter" xmlns:tts="http://www.w3.org/ns/ttml#styling" xmlns:ttva="http://skynav.com/ns/ttv/annotations">
<head>
<styling>
<initial tts:fontSize="4vh"/>
<initial tts:lineHeight="5vh"/>
<initial tts:showBackground="whenActive"/>
<initial tts:textAlign="center"/>
<style xml:id="s1" tts:fontSize="1.0em 1.5em"/>
<style xml:id="s2" tts:fontShear="16.78842%"/>
<style xml:id="s3" tts:textAlign="start"/>
</styling>
<layout>
<region xml:id="横下" tts:displayAlign="after" tts:extent="80vw 15vh" tts:position="center bottom 5vh"/>
<region xml:id="縦右" tts:extent="15vw 80vh" tts:position="right 5vh center" tts:writingMode="tbrl"/>
<region xml:id="縦左" tts:displayAlign="after" tts:extent="15vw 80vh" tts:position="left 5vh center" tts:writingMode="tbrl"/>
</layout>
</head>
<body region="横下">
<div>
<p begin="00:17:19:12" end="00:17:23:21">ある企業が開発した<br/>謎のディスク<span style="s1">—</span></p>
<p begin="00:17:23:24" end="00:17:24:29">“コードＳ”</p>
<p begin="00:17:25:02" end="00:17:27:20">このディスクをめぐり</p>
<p begin="00:17:27:27" end="00:17:31:23">複数の国による<br/>スパイ戦が行われていた</p>
<p begin="00:17:31:26" end="00:17:37:02">全容は明らかではなかったが<br/>各国が火花を散らし<span style="s1">—</span></p>
<p begin="00:17:37:15" end="00:17:40:04">攻防は数カ月に及んだ</p>
<p begin="00:17:40:17" end="00:17:47:07">最終的に ２カ国だけが<br/>ディスクの在りかを突き止めた</p>
<p begin="00:17:47:12" end="00:17:51:26">スパイのひとり<br/>ジュリアも情報を入手し<span style="s1">—</span></p>
<p begin="00:17:52:12" end="00:17:55:19">隠し場所への潜入に成功する</p>
<p begin="00:19:05:15" end="00:19:06:12">もしもし</p>
<p begin="00:19:08:03" end="00:19:09:20" style="s2">やあ 今どこに？</p>
<p begin="00:19:09:25" end="00:19:11:15" style="s2">伯母の家にいるの</p>
<p begin="00:19:11:29" end="00:19:14:13">休日なのに忙しいね</p>
<p begin="00:19:15:01" end="00:19:18:21" region="縦左">実は 近くのデパートに<br/>来ているんだ</p>
<p begin="00:19:19:17" end="00:19:20:21" region="縦左" style="s3">寄っても？</p>
<p begin="00:19:22:03" end="00:19:24:09" region="縦左" style="s3">ほかの用事があって</p>
<p begin="00:19:24:12" end="00:19:27:04" style="s2">もう出るところなの</p>
<p begin="00:19:28:09" end="00:19:31:00" region="縦右" style="s2">カフェで待っていて</p>
<p begin="00:19:33:09" end="00:19:36:21" region="縦右">伯母さんと<br/>話してもいいかな</p>
<p begin="00:19:37:16" end="00:19:40:13">今日は 具合が悪いみたいなの</p>
<p begin="00:19:41:15" end="00:19:43:27">別の機会に紹介するわ</p>
<p begin="00:19:44:04" end="00:19:47:01">じゃあ そうしようか</p>
<p begin="00:19:47:10" end="00:19:51:19" region="縦左" style="s3">カフェの場所だけど<br/>ハノーバー通りから<span style="s1">—</span></p>
<p begin="00:19:51:22" end="00:19:56:29" region="縦左" style="s3">脇道に入って<br/>左折した辺りだよね？</p>
<p begin="00:19:59:02" end="00:20:01:17" region="縦左" style="s3">“Rick's Cafe”よ</p>
<p begin="00:20:02:25" end="00:20:04:23">先に行ってるよ</p>
<p begin="00:20:05:19" end="00:20:07:20">そうだ　そういえば<span style="s1">—</span></p>
<p begin="00:20:07:26" end="00:20:10:23">僕のカードに細工しただろう？</p>
<p begin="00:20:13:25" end="00:20:14:24" style="s2">ジュリア</p>
<p begin="00:20:15:26" end="00:20:16:24" style="s2">どうした？</p>
<p begin="00:20:17:17" end="00:20:19:09" style="s2">いったい何のこと？</p>
<p begin="00:20:21:07" end="00:20:23:27">昨日のカードゲームの話だよ</p>
<p begin="00:20:24:17" end="00:20:26:07" style="s2">ズルしただろう？</p>
<p begin="00:20:27:06" end="00:20:29:00" style="s2">見破られたのね</p>
<p begin="00:20:42:02" end="00:20:43:05">待って</p>
<p begin="00:20:43:08" end="00:20:47:03">やっぱり<br/>すぐに会いに行くわ</p>
<p begin="00:21:41:07" end="00:21:44:27">キーとディスク<br/>両方が必要だったんだ</p>
</div>
</body>
</tt>
