<?xml version="1.0" encoding="utf-8"?>
<tt xmlns="http://www.w3.org/ns/ttml" ttp:version="2" ttva:model="ttml2" xml:lang="jp" xmlns:ttp="http://www.w3.org/ns/ttml#parameter" xmlns:tts="http://www.w3.org/ns/ttml#styling" xmlns:ttva="http://skynav.com/ns/ttv/annotations">
<head>
<styling>
<initial tts:fontSize="4vh"/>
<initial tts:lineHeight="5vh"/>
<initial tts:showBackground="whenActive"/>
<initial tts:textAlign="center"/>
<style xml:id="s1" tts:fontShear="6.345103%"/>
<style xml:id="s2" tts:fontShear="11.33775%"/>
<style xml:id="s3" tts:fontShear="16.78842%"/>
<style xml:id="s4" tts:fontShear="21.99875%"/>
<style xml:id="s5" tts:fontShear="27.97058%"/>
</styling>
<layout>
<region xml:id="横下" tts:displayAlign="after" tts:extent="80vw 15vh" tts:position="center bottom 5vh"/>
</layout>
</head>
<body region="横下">
<div>
<p begin="10:00:00:00" end="10:00:01:00">斜体</p>
<p begin="10:00:01:00" end="10:00:02:00">斜体</p>
<p begin="10:00:02:00" end="10:00:03:00" style="s1">斜体</p>
<p begin="10:00:03:00" end="10:00:04:00" style="s2">斜体</p>
<p begin="10:00:04:00" end="10:00:05:00" style="s3">斜体</p>
<p begin="10:00:05:00" end="10:00:06:00" style="s3">斜体</p>
<p begin="10:00:06:00" end="10:00:07:00" style="s4">斜体</p>
<p begin="10:00:07:00" end="10:00:08:00" style="s5">斜体</p>
</div>
</body>
</tt>
