<?xml version="1.0" encoding="utf-8"?>
<tt xmlns="http://www.w3.org/ns/ttml" ttp:version="2" ttva:model="ttml2" xml:lang="en" xmlns:ttp="http://www.w3.org/ns/ttml#parameter" xmlns:tts="http://www.w3.org/ns/ttml#styling" xmlns:ttva="http://skynav.com/ns/ttv/annotations">
  <head>
    <styling><initial tts:fontSize="4vh"/>
        <initial tts:lineHeight="5vh"/><initial tts:showBackground="whenActive"/>
        <style xml:id="s1" tts:fontShear="16.78842%" tts:textAlign="center"/>
    </styling>
    <layout>
        <region xml:id="bottom" tts:displayAlign="after" tts:extent="80vw 15vh" tts:position="center bottom 10vh"/>
    </layout>
  </head>
  <body region="bottom" xml:space="preserve">
    <div>
      <p begin="10:00:07:20" end="10:00:09:02" style="s1">
        <span style="s2">test</span>
      </p>
    </div>
  </body>
</tt>
